0 info it worked if it ends with ok
1 verbose cli [ '/Users/sghiassy/.nvm/versions/node/v6.9.1/bin/node',
1 verbose cli   '/Users/sghiassy/.nvm/versions/node/v6.9.1/bin/npm',
1 verbose cli   'run-script',
1 verbose cli   'deploy:prod' ]
2 info using npm@3.10.8
3 info using node@v6.9.1
4 verbose run-script [ 'predeploy:prod', 'deploy:prod', 'postdeploy:prod' ]
5 info lifecycle shaheen-ghiassy-api@1.0.0~predeploy:prod: shaheen-ghiassy-api@1.0.0
6 silly lifecycle shaheen-ghiassy-api@1.0.0~predeploy:prod: no script for predeploy:prod, continuing
7 info lifecycle shaheen-ghiassy-api@1.0.0~deploy:prod: shaheen-ghiassy-api@1.0.0
8 verbose lifecycle shaheen-ghiassy-api@1.0.0~deploy:prod: unsafe-perm in lifecycle true
9 verbose lifecycle shaheen-ghiassy-api@1.0.0~deploy:prod: PATH: /Users/sghiassy/.nvm/versions/node/v6.9.1/lib/node_modules/npm/bin/node-gyp-bin:/Users/sghiassy/Dev/shaheen/api/node_modules/.bin:/Users/sghiassy/.nvm/versions/node/v6.9.1/bin:/usr/local/heroku/bin::/Users/sghiassy/Bin:/usr/local/heroku/bin::/Users/sghiassy/Bin:/usr/local/heroku/bin::/Users/sghiassy/Bin:/usr/local/bin:/usr/bin:/bin:/usr/sbin:/sbin:/Library/Frameworks/Mono.framework/Versions/Current/Commands:/Users/sghiassy/Library/Android/sdk/tools:/Users/sghiassy/Library/Android/sdk/platform-tools:/Users/sghiassy/Library/Android/sdk/ndk-bundle:/Users/sghiassy/Library/Android/sdk/tools:/Users/sghiassy/Library/Android/sdk/platform-tools:/Users/sghiassy/Library/Android/sdk/ndk-bundle:/Users/sghiassy/Library/Android/sdk/tools:/Users/sghiassy/Library/Android/sdk/platform-tools:/Users/sghiassy/Library/Android/sdk/ndk-bundle
10 verbose lifecycle shaheen-ghiassy-api@1.0.0~deploy:prod: CWD: /Users/sghiassy/Dev/shaheen/api
11 silly lifecycle shaheen-ghiassy-api@1.0.0~deploy:prod: Args: [ '-c', 'serverless deploy' ]
12 silly lifecycle shaheen-ghiassy-api@1.0.0~deploy:prod: Returned: code: 1  signal: null
13 info lifecycle shaheen-ghiassy-api@1.0.0~deploy:prod: Failed to exec deploy:prod script
14 verbose stack Error: shaheen-ghiassy-api@1.0.0 deploy:prod: `serverless deploy`
14 verbose stack Exit status 1
14 verbose stack     at EventEmitter.<anonymous> (/Users/sghiassy/.nvm/versions/node/v6.9.1/lib/node_modules/npm/lib/utils/lifecycle.js:255:16)
14 verbose stack     at emitTwo (events.js:106:13)
14 verbose stack     at EventEmitter.emit (events.js:191:7)
14 verbose stack     at ChildProcess.<anonymous> (/Users/sghiassy/.nvm/versions/node/v6.9.1/lib/node_modules/npm/lib/utils/spawn.js:40:14)
14 verbose stack     at emitTwo (events.js:106:13)
14 verbose stack     at ChildProcess.emit (events.js:191:7)
14 verbose stack     at maybeClose (internal/child_process.js:877:16)
14 verbose stack     at Process.ChildProcess._handle.onexit (internal/child_process.js:226:5)
15 verbose pkgid shaheen-ghiassy-api@1.0.0
16 verbose cwd /Users/sghiassy/Dev/shaheen/api
17 error Darwin 16.4.0
18 error argv "/Users/sghiassy/.nvm/versions/node/v6.9.1/bin/node" "/Users/sghiassy/.nvm/versions/node/v6.9.1/bin/npm" "run-script" "deploy:prod"
19 error node v6.9.1
20 error npm  v3.10.8
21 error code ELIFECYCLE
22 error shaheen-ghiassy-api@1.0.0 deploy:prod: `serverless deploy`
22 error Exit status 1
23 error Failed at the shaheen-ghiassy-api@1.0.0 deploy:prod script 'serverless deploy'.
23 error Make sure you have the latest version of node.js and npm installed.
23 error If you do, this is most likely a problem with the shaheen-ghiassy-api package,
23 error not with npm itself.
23 error Tell the author that this fails on your system:
23 error     serverless deploy
23 error You can get information on how to open an issue for this project with:
23 error     npm bugs shaheen-ghiassy-api
23 error Or if that isn't available, you can get their info via:
23 error     npm owner ls shaheen-ghiassy-api
23 error There is likely additional logging output above.
24 verbose exit [ 1, true ]
